[24-Apr-2019 20:24:14 UTC] PHP Fatal error:  Uncaught exception 'PDOException' with message 'SQLSTATE[42000]: Syntax error or access violation: 1064 You have an error in your SQL syntax; check the manual that corresponds to your MySQL server version for the right syntax to use near ')' at line 1' in /home/ubuntu/workspace/labs/8/api/likeImage.php:10
Stack trace:
#0 /home/ubuntu/workspace/labs/8/api/likeImage.php(10): PDOStatement->execute()
#1 {main}
  thrown in /home/ubuntu/workspace/labs/8/api/likeImage.php on line 10
[24-Apr-2019 20:24:14 UTC] PHP Fatal error:  Uncaught exception 'PDOException' with message 'SQLSTATE[42000]: Syntax error or access violation: 1064 You have an error in your SQL syntax; check the manual that corresponds to your MySQL server version for the right syntax to use near ')' at line 1' in /home/ubuntu/workspace/labs/8/api/likeImage.php:10
Stack trace:
#0 /home/ubuntu/workspace/labs/8/api/likeImage.php(10): PDOStatement->execute()
#1 {main}
  thrown in /home/ubuntu/workspace/labs/8/api/likeImage.php on line 10
[24-Apr-2019 20:24:17 UTC] PHP Fatal error:  Uncaught exception 'PDOException' with message 'SQLSTATE[42000]: Syntax error or access violation: 1064 You have an error in your SQL syntax; check the manual that corresponds to your MySQL server version for the right syntax to use near ')' at line 1' in /home/ubuntu/workspace/labs/8/api/likeImage.php:10
Stack trace:
#0 /home/ubuntu/workspace/labs/8/api/likeImage.php(10): PDOStatement->execute()
#1 {main}
  thrown in /home/ubuntu/workspace/labs/8/api/likeImage.php on line 10
[24-Apr-2019 20:24:18 UTC] PHP Fatal error:  Uncaught exception 'PDOException' with message 'SQLSTATE[42000]: Syntax error or access violation: 1064 You have an error in your SQL syntax; check the manual that corresponds to your MySQL server version for the right syntax to use near ')' at line 1' in /home/ubuntu/workspace/labs/8/api/likeImage.php:10
Stack trace:
#0 /home/ubuntu/workspace/labs/8/api/likeImage.php(10): PDOStatement->execute()
#1 {main}
  thrown in /home/ubuntu/workspace/labs/8/api/likeImage.php on line 10
[24-Apr-2019 20:24:18 UTC] PHP Fatal error:  Uncaught exception 'PDOException' with message 'SQLSTATE[42000]: Syntax error or access violation: 1064 You have an error in your SQL syntax; check the manual that corresponds to your MySQL server version for the right syntax to use near ')' at line 1' in /home/ubuntu/workspace/labs/8/api/likeImage.php:10
Stack trace:
#0 /home/ubuntu/workspace/labs/8/api/likeImage.php(10): PDOStatement->execute()
#1 {main}
  thrown in /home/ubuntu/workspace/labs/8/api/likeImage.php on line 10
[24-Apr-2019 20:24:18 UTC] PHP Fatal error:  Uncaught exception 'PDOException' with message 'SQLSTATE[42000]: Syntax error or access violation: 1064 You have an error in your SQL syntax; check the manual that corresponds to your MySQL server version for the right syntax to use near ')' at line 1' in /home/ubuntu/workspace/labs/8/api/likeImage.php:10
Stack trace:
#0 /home/ubuntu/workspace/labs/8/api/likeImage.php(10): PDOStatement->execute()
#1 {main}
  thrown in /home/ubuntu/workspace/labs/8/api/likeImage.php on line 10
